Determining if the pthread_create exist failed with the following output:
Change Dir: /home/thongpb/works/face_recognition/dlib_implementation/build/CMakeFiles/CMakeTmp

Run Build Command:"/usr/bin/make" "cmTC_1d3b0/fast"
make[1]: Entering directory '/home/thongpb/works/face_recognition/dlib_implementation/build/CMakeFiles/CMakeTmp'
/usr/bin/make -f CMakeFiles/cmTC_1d3b0.dir/build.make CMakeFiles/cmTC_1d3b0.dir/build
make[2]: Entering directory '/home/thongpb/works/face_recognition/dlib_implementation/build/CMakeFiles/CMakeTmp'
Building C object CMakeFiles/cmTC_1d3b0.dir/CheckSymbolExists.c.o
/usr/bin/cc    -fPIC    -o CMakeFiles/cmTC_1d3b0.dir/CheckSymbolExists.c.o   -c /home/thongpb/works/face_recognition/dlib_implementation/build/CMakeFiles/CMakeTmp/CheckSymbolExists.c
Linking C executable cmTC_1d3b0
/usr/bin/cmake -E cmake_link_script CMakeFiles/cmTC_1d3b0.dir/link.txt --verbose=1
/usr/bin/cc  -fPIC     CMakeFiles/cmTC_1d3b0.dir/CheckSymbolExists.c.o  -o cmTC_1d3b0 -rdynamic 
CMakeFiles/cmTC_1d3b0.dir/CheckSymbolExists.c.o: In function `main':
CheckSymbolExists.c:(.text+0x1b): undefined reference to `pthread_create'
collect2: error: ld returned 1 exit status
CMakeFiles/cmTC_1d3b0.dir/build.make:97: recipe for target 'cmTC_1d3b0' failed
make[2]: *** [cmTC_1d3b0] Error 1
make[2]: Leaving directory '/home/thongpb/works/face_recognition/dlib_implementation/build/CMakeFiles/CMakeTmp'
Makefile:126: recipe for target 'cmTC_1d3b0/fast' failed
make[1]: *** [cmTC_1d3b0/fast] Error 2
make[1]: Leaving directory '/home/thongpb/works/face_recognition/dlib_implementation/build/CMakeFiles/CMakeTmp'

File /home/thongpb/works/face_recognition/dlib_implementation/build/CMakeFiles/CMakeTmp/CheckSymbolExists.c:
/* */
#include <pthread.h>

int main(int argc, char** argv)
{
  (void)argv;
#ifndef pthread_create
  return ((int*)(&pthread_create))[argc];
#else
  (void)argc;
  return 0;
#endif
}

Determining if the function pthread_create exists in the pthreads failed with the following output:
Change Dir: /home/thongpb/works/face_recognition/dlib_implementation/build/CMakeFiles/CMakeTmp

Run Build Command:"/usr/bin/make" "cmTC_19d12/fast"
make[1]: Entering directory '/home/thongpb/works/face_recognition/dlib_implementation/build/CMakeFiles/CMakeTmp'
/usr/bin/make -f CMakeFiles/cmTC_19d12.dir/build.make CMakeFiles/cmTC_19d12.dir/build
make[2]: Entering directory '/home/thongpb/works/face_recognition/dlib_implementation/build/CMakeFiles/CMakeTmp'
Building C object CMakeFiles/cmTC_19d12.dir/CheckFunctionExists.c.o
/usr/bin/cc    -fPIC -DCHECK_FUNCTION_EXISTS=pthread_create   -o CMakeFiles/cmTC_19d12.dir/CheckFunctionExists.c.o   -c /usr/share/cmake-3.5/Modules/CheckFunctionExists.c
Linking C executable cmTC_19d12
/usr/bin/cmake -E cmake_link_script CMakeFiles/cmTC_19d12.dir/link.txt --verbose=1
/usr/bin/cc  -fPIC -DCHECK_FUNCTION_EXISTS=pthread_create    CMakeFiles/cmTC_19d12.dir/CheckFunctionExists.c.o  -o cmTC_19d12 -rdynamic -lpthreads 
/usr/bin/ld: cannot find -lpthreads
collect2: error: ld returned 1 exit status
CMakeFiles/cmTC_19d12.dir/build.make:97: recipe for target 'cmTC_19d12' failed
make[2]: *** [cmTC_19d12] Error 1
make[2]: Leaving directory '/home/thongpb/works/face_recognition/dlib_implementation/build/CMakeFiles/CMakeTmp'
Makefile:126: recipe for target 'cmTC_19d12/fast' failed
make[1]: *** [cmTC_19d12/fast] Error 2
make[1]: Leaving directory '/home/thongpb/works/face_recognition/dlib_implementation/build/CMakeFiles/CMakeTmp'


